<?xml version="1.0" encoding="UTF-8"?>
<testsuites name="jest tests" tests="1" failures="0" errors="0" time="5.417">
  <testsuite name="src/App.test.js" errors="0" failures="0" skipped="0" timestamp="2025-10-14T07:55:27" time="1.66" tests="1">
    <testcase classname="-renders learn Jenkins link" name="-renders learn Jenkins link" time="0.027">
    </testcase>
  </testsuite>
</testsuites>